<?xml version="1.0" encoding="UTF-8"?>
<testsuite name="grpc.AppTest" tests="1" skipped="0" failures="0" errors="0" timestamp="2019-01-08T09:39:37" hostname="Rexde-MacBook-Pro.local" time="0.002">
  <properties/>
  <testcase name="testAppHasAGreeting" classname="grpc.AppTest" time="0.002"/>
  <system-out><![CDATA[]]></system-out>
  <system-err><![CDATA[]]></system-err>
</testsuite>
